{"/home/mahesh-diwan/SPECTRE/Hackathons/OpenAI_Build_Week/accessibility-forge/src/app/api/badge/route.ts": {"path":"/home/mahesh-diwan/SPECTRE/Hackathons/OpenAI_Build_Week/accessibility-forge/src/app/api/badge/route.ts","statementMap":{"0":{"start":{"line":9,"column":17},"end":{"line":9,"column":null}},"1":{"start":{"line":10,"column":2},"end":{"line":11,"column":null}},"2":{"start":{"line":11,"column":4},"end":{"line":11,"column":null}},"3":{"start":{"line":12,"column":20},"end":{"line":12,"column":null}},"4":{"start":{"line":13,"column":2},"end":{"line":15,"column":null}},"5":{"start":{"line":14,"column":4},"end":{"line":14,"column":null}},"6":{"start":{"line":16,"column":14},"end":{"line":16,"column":null}},"7":{"start":{"line":17,"column":2},"end":{"line":20,"column":null}},"8":{"start":{"line":23,"column":20},"end":{"line":23,"column":null}},"9":{"start":{"line":26,"column":16},"end":{"line":26,"column":null}},"10":{"start":{"line":27,"column":36},"end":{"line":30,"column":null}},"11":{"start":{"line":31,"column":14},"end":{"line":31,"column":null}},"12":{"start":{"line":32,"column":12},"end":{"line":35,"column":null}},"13":{"start":{"line":36,"column":2},"end":{"line":36,"column":null}}},"fnMap":{"0":{"name":"handlePost","decl":{"start":{"line":8,"column":15},"end":{"line":8,"column":26}},"loc":{"start":{"line":8,"column":44},"end":{"line":21,"column":null}},"line":8},"1":{"name":"GET","decl":{"start":{"line":25,"column":22},"end":{"line":25,"column":28}},"loc":{"start":{"line":25,"column":28},"end":{"line":37,"column":null}},"line":25}},"branchMap":{"0":{"loc":{"start":{"line":10,"column":2},"end":{"line":11,"column":null}},"type":"if","locations":[{"start":{"line":10,"column":2},"end":{"line":11,"column":null}},{"start":{},"end":{}}],"line":10},"1":{"loc":{"start":{"line":13,"column":2},"end":{"line":15,"column":null}},"type":"if","locations":[{"start":{"line":13,"column":2},"end":{"line":15,"column":null}},{"start":{},"end":{}}],"line":13},"2":{"loc":{"start":{"line":13,"column":6},"end":{"line":13,"column":49}},"type":"binary-expr","locations":[{"start":{"line":13,"column":6},"end":{"line":13,"column":16}},{"start":{"line":13,"column":16},"end":{"line":13,"column":49}}],"line":13}},"s":{"0":2,"1":2,"2":0,"3":2,"4":2,"5":1,"6":1,"7":1,"8":1,"9":1,"10":1,"11":1,"12":1,"13":1},"f":{"0":2,"1":1},"b":{"0":[0,2],"1":[1,1],"2":[2,2]},"meta":{"lastBranch":3,"lastFunction":2,"lastStatement":14,"seen":{"f:8:15:8:26":0,"s:9:17:9:Infinity":0,"b:10:2:11:Infinity:undefined:undefined:undefined:undefined":0,"s:10:2:11:Infinity":1,"s:11:4:11:Infinity":2,"s:12:20:12:Infinity":3,"b:13:2:15:Infinity:undefined:undefined:undefined:undefined":1,"s:13:2:15:Infinity":4,"b:13:6:13:16:13:16:13:49":2,"s:14:4:14:Infinity":5,"s:16:14:16:Infinity":6,"s:17:2:20:Infinity":7,"s:23:20:23:Infinity":8,"f:25:22:25:28":1,"s:26:16:26:Infinity":9,"s:27:36:30:Infinity":10,"s:31:14:31:Infinity":11,"s:32:12:35:Infinity":12,"s:36:2:36:Infinity":13},"fnNames":{}}}
,"/home/mahesh-diwan/SPECTRE/Hackathons/OpenAI_Build_Week/accessibility-forge/src/app/api/health/route.ts": {"path":"/home/mahesh-diwan/SPECTRE/Hackathons/OpenAI_Build_Week/accessibility-forge/src/app/api/health/route.ts","statementMap":{"0":{"start":{"line":5,"column":18},"end":{"line":5,"column":null}},"1":{"start":{"line":6,"column":2},"end":{"line":11,"column":null}}},"fnMap":{"0":{"name":"GET","decl":{"start":{"line":4,"column":22},"end":{"line":4,"column":28}},"loc":{"start":{"line":4,"column":28},"end":{"line":12,"column":null}},"line":4}},"branchMap":{"0":{"loc":{"start":{"line":9,"column":13},"end":{"line":9,"column":null}},"type":"binary-expr","locations":[{"start":{"line":9,"column":13},"end":{"line":9,"column":48}},{"start":{"line":9,"column":48},"end":{"line":9,"column":null}}],"line":9}},"s":{"0":1,"1":1},"f":{"0":1},"b":{"0":[1,0]},"meta":{"lastBranch":1,"lastFunction":1,"lastStatement":2,"seen":{"f:4:22:4:28":0,"s:5:18:5:Infinity":0,"s:6:2:11:Infinity":1,"b:9:13:9:48:9:48:9:Infinity":0},"fnNames":{}}}
,"/home/mahesh-diwan/SPECTRE/Hackathons/OpenAI_Build_Week/accessibility-forge/src/app/api/pr/route.ts": {"path":"/home/mahesh-diwan/SPECTRE/Hackathons/OpenAI_Build_Week/accessibility-forge/src/app/api/pr/route.ts","statementMap":{"0":{"start":{"line":14,"column":17},"end":{"line":14,"column":null}},"1":{"start":{"line":15,"column":2},"end":{"line":16,"column":null}},"2":{"start":{"line":16,"column":4},"end":{"line":16,"column":null}},"3":{"start":{"line":17,"column":14},"end":{"line":17,"column":null}},"4":{"start":{"line":18,"column":2},"end":{"line":19,"column":null}},"5":{"start":{"line":19,"column":4},"end":{"line":19,"column":null}},"6":{"start":{"line":20,"column":30},"end":{"line":20,"column":null}},"7":{"start":{"line":21,"column":16},"end":{"line":21,"column":null}},"8":{"start":{"line":22,"column":2},"end":{"line":24,"column":null}},"9":{"start":{"line":23,"column":4},"end":{"line":23,"column":null}},"10":{"start":{"line":26,"column":16},"end":{"line":26,"column":null}},"11":{"start":{"line":27,"column":2},"end":{"line":29,"column":null}},"12":{"start":{"line":28,"column":4},"end":{"line":28,"column":null}},"13":{"start":{"line":31,"column":20},"end":{"line":31,"column":null}},"14":{"start":{"line":32,"column":2},"end":{"line":34,"column":null}},"15":{"start":{"line":33,"column":4},"end":{"line":33,"column":null}},"16":{"start":{"line":36,"column":18},"end":{"line":36,"column":null}},"17":{"start":{"line":39,"column":2},"end":{"line":43,"column":null}},"18":{"start":{"line":40,"column":4},"end":{"line":40,"column":null}},"19":{"start":{"line":42,"column":4},"end":{"line":42,"column":null}},"20":{"start":{"line":46,"column":47},"end":{"line":46,"column":null}},"21":{"start":{"line":47,"column":2},"end":{"line":55,"column":null}},"22":{"start":{"line":48,"column":4},"end":{"line":54,"column":null}},"23":{"start":{"line":49,"column":6},"end":{"line":53,"column":null}},"24":{"start":{"line":50,"column":8},"end":{"line":50,"column":null}},"25":{"start":{"line":57,"column":34},"end":{"line":57,"column":null}},"26":{"start":{"line":59,"column":2},"end":{"line":61,"column":null}},"27":{"start":{"line":60,"column":4},"end":{"line":60,"column":null}},"28":{"start":{"line":63,"column":16},"end":{"line":67,"column":null}},"29":{"start":{"line":63,"column":62},"end":{"line":67,"column":4}},"30":{"start":{"line":69,"column":2},"end":{"line":79,"column":null}},"31":{"start":{"line":70,"column":4},"end":{"line":78,"column":null}},"32":{"start":{"line":81,"column":21},"end":{"line":81,"column":null}},"33":{"start":{"line":82,"column":29},"end":{"line":82,"column":null}},"34":{"start":{"line":85,"column":2},"end":{"line":99,"column":null}},"35":{"start":{"line":86,"column":30},"end":{"line":88,"column":null}},"36":{"start":{"line":89,"column":4},"end":{"line":89,"column":null}},"37":{"start":{"line":91,"column":33},"end":{"line":93,"column":null}},"38":{"start":{"line":94,"column":4},"end":{"line":94,"column":null}},"39":{"start":{"line":95,"column":4},"end":{"line":98,"column":null}},"40":{"start":{"line":102,"column":22},"end":{"line":109,"column":null}},"41":{"start":{"line":104,"column":33},"end":{"line":106,"column":null}},"42":{"start":{"line":107,"column":6},"end":{"line":107,"column":null}},"43":{"start":{"line":111,"column":29},"end":{"line":113,"column":null}},"44":{"start":{"line":114,"column":31},"end":{"line":118,"column":null}},"45":{"start":{"line":119,"column":2},"end":{"line":119,"column":null}},"46":{"start":{"line":121,"column":2},"end":{"line":124,"column":null}},"47":{"start":{"line":127,"column":31},"end":{"line":127,"column":null}},"48":{"start":{"line":128,"column":2},"end":{"line":149,"column":null}},"49":{"start":{"line":129,"column":22},"end":{"line":132,"column":null}},"50":{"start":{"line":136,"column":19},"end":{"line":136,"column":35}},"51":{"start":{"line":137,"column":24},"end":{"line":140,"column":null}},"52":{"start":{"line":141,"column":23},"end":{"line":141,"column":null}},"53":{"start":{"line":142,"column":4},"end":{"line":146,"column":null}},"54":{"start":{"line":143,"column":30},"end":{"line":143,"column":null}},"55":{"start":{"line":144,"column":19},"end":{"line":144,"column":null}},"56":{"start":{"line":145,"column":6},"end":{"line":145,"column":null}},"57":{"start":{"line":145,"column":31},"end":{"line":145,"column":null}},"58":{"start":{"line":151,"column":18},"end":{"line":157,"column":null}},"59":{"start":{"line":153,"column":19},"end":{"line":153,"column":null}},"60":{"start":{"line":154,"column":18},"end":{"line":154,"column":null}},"61":{"start":{"line":155,"column":6},"end":{"line":155,"column":null}},"62":{"start":{"line":159,"column":17},"end":{"line":166,"column":null}},"63":{"start":{"line":180,"column":27},"end":{"line":184,"column":null}},"64":{"start":{"line":186,"column":2},"end":{"line":193,"column":null}},"65":{"start":{"line":196,"column":20},"end":{"line":196,"column":null}}},"fnMap":{"0":{"name":"handle","decl":{"start":{"line":13,"column":15},"end":{"line":13,"column":22}},"loc":{"start":{"line":13,"column":40},"end":{"line":194,"column":null}},"line":13},"1":{"name":"(anonymous_1)","decl":{"start":{"line":63,"column":38},"end":{"line":63,"column":43}},"loc":{"start":{"line":63,"column":62},"end":{"line":67,"column":4}},"line":63},"2":{"name":"(anonymous_2)","decl":{"start":{"line":103,"column":30},"end":{"line":103,"column":37}},"loc":{"start":{"line":103,"column":61},"end":{"line":108,"column":5}},"line":103},"3":{"name":"(anonymous_3)","decl":{"start":{"line":152,"column":5},"end":{"line":152,"column":10}},"loc":{"start":{"line":152,"column":19},"end":{"line":156,"column":5}},"line":152}},"branchMap":{"0":{"loc":{"start":{"line":15,"column":2},"end":{"line":16,"column":null}},"type":"if","locations":[{"start":{"line":15,"column":2},"end":{"line":16,"column":null}},{"start":{},"end":{}}],"line":15},"1":{"loc":{"start":{"line":18,"column":2},"end":{"line":19,"column":null}},"type":"if","locations":[{"start":{"line":18,"column":2},"end":{"line":19,"column":null}},{"start":{},"end":{}}],"line":18},"2":{"loc":{"start":{"line":22,"column":2},"end":{"line":24,"column":null}},"type":"if","locations":[{"start":{"line":22,"column":2},"end":{"line":24,"column":null}},{"start":{},"end":{}}],"line":22},"3":{"loc":{"start":{"line":22,"column":6},"end":{"line":22,"column":69}},"type":"binary-expr","locations":[{"start":{"line":22,"column":6},"end":{"line":22,"column":16}},{"start":{"line":22,"column":16},"end":{"line":22,"column":35}},{"start":{"line":22,"column":35},"end":{"line":22,"column":69}}],"line":22},"4":{"loc":{"start":{"line":27,"column":2},"end":{"line":29,"column":null}},"type":"if","locations":[{"start":{"line":27,"column":2},"end":{"line":29,"column":null}},{"start":{},"end":{}}],"line":27},"5":{"loc":{"start":{"line":31,"column":35},"end":{"line":31,"column":48}},"type":"binary-expr","locations":[{"start":{"line":31,"column":35},"end":{"line":31,"column":46}},{"start":{"line":31,"column":46},"end":{"line":31,"column":48}}],"line":31},"6":{"loc":{"start":{"line":32,"column":2},"end":{"line":34,"column":null}},"type":"if","locations":[{"start":{"line":32,"column":2},"end":{"line":34,"column":null}},{"start":{},"end":{}}],"line":32},"7":{"loc":{"start":{"line":48,"column":4},"end":{"line":54,"column":null}},"type":"if","locations":[{"start":{"line":48,"column":4},"end":{"line":54,"column":null}},{"start":{},"end":{}}],"line":48},"8":{"loc":{"start":{"line":59,"column":2},"end":{"line":61,"column":null}},"type":"if","locations":[{"start":{"line":59,"column":2},"end":{"line":61,"column":null}},{"start":{},"end":{}}],"line":59},"9":{"loc":{"start":{"line":65,"column":12},"end":{"line":65,"column":null}},"type":"binary-expr","locations":[{"start":{"line":65,"column":12},"end":{"line":65,"column":34}},{"start":{"line":65,"column":34},"end":{"line":65,"column":null}}],"line":65},"10":{"loc":{"start":{"line":69,"column":2},"end":{"line":79,"column":null}},"type":"if","locations":[{"start":{"line":69,"column":2},"end":{"line":79,"column":null}},{"start":{},"end":{}}],"line":69},"11":{"loc":{"start":{"line":75,"column":19},"end":{"line":77,"column":null}},"type":"cond-expr","locations":[{"start":{"line":76,"column":10},"end":{"line":76,"column":null}},{"start":{"line":77,"column":10},"end":{"line":77,"column":null}}],"line":75},"12":{"loc":{"start":{"line":142,"column":4},"end":{"line":146,"column":null}},"type":"if","locations":[{"start":{"line":142,"column":4},"end":{"line":146,"column":null}},{"start":{},"end":{}}],"line":142},"13":{"loc":{"start":{"line":144,"column":19},"end":{"line":144,"column":null}},"type":"cond-expr","locations":[{"start":{"line":144,"column":59},"end":{"line":144,"column":109}},{"start":{"line":144,"column":109},"end":{"line":144,"column":null}}],"line":144},"14":{"loc":{"start":{"line":144,"column":19},"end":{"line":144,"column":59}},"type":"binary-expr","locations":[{"start":{"line":144,"column":19},"end":{"line":144,"column":29}},{"start":{"line":144,"column":29},"end":{"line":144,"column":59}}],"line":144},"15":{"loc":{"start":{"line":145,"column":6},"end":{"line":145,"column":null}},"type":"if","locations":[{"start":{"line":145,"column":6},"end":{"line":145,"column":null}},{"start":{},"end":{}}],"line":145},"16":{"loc":{"start":{"line":154,"column":18},"end":{"line":154,"column":null}},"type":"cond-expr","locations":[{"start":{"line":154,"column":36},"end":{"line":154,"column":65}},{"start":{"line":154,"column":65},"end":{"line":154,"column":null}}],"line":154}},"s":{"0":7,"1":7,"2":0,"3":7,"4":7,"5":3,"6":4,"7":4,"8":4,"9":0,"10":4,"11":4,"12":1,"13":3,"14":7,"15":0,"16":3,"17":3,"18":3,"19":1,"20":2,"21":2,"22":2,"23":2,"24":2,"25":2,"26":2,"27":0,"28":2,"29":2,"30":2,"31":1,"32":1,"33":1,"34":1,"35":1,"36":0,"37":1,"38":1,"39":1,"40":1,"41":1,"42":1,"43":1,"44":1,"45":1,"46":1,"47":1,"48":1,"49":1,"50":1,"51":0,"52":0,"53":7,"54":0,"55":0,"56":0,"57":0,"58":1,"59":1,"60":1,"61":1,"62":1,"63":1,"64":1,"65":1},"f":{"0":7,"1":2,"2":1,"3":1},"b":{"0":[0,7],"1":[3,4],"2":[0,4],"3":[4,4,4],"4":[1,3],"5":[3,0],"6":[0,7],"7":[2,0],"8":[0,2],"9":[2,0],"10":[1,1],"11":[1,0],"12":[0,7],"13":[0,0],"14":[0,0],"15":[0,0],"16":[0,1]},"meta":{"lastBranch":17,"lastFunction":4,"lastStatement":66,"seen":{"f:13:15:13:22":0,"s:14:17:14:Infinity":0,"b:15:2:16:Infinity:undefined:undefined:undefined:undefined":0,"s:15:2:16:Infinity":1,"s:16:4:16:Infinity":2,"s:17:14:17:Infinity":3,"b:18:2:19:Infinity:undefined:undefined:undefined:undefined":1,"s:18:2:19:Infinity":4,"s:19:4:19:Infinity":5,"s:20:30:20:Infinity":6,"s:21:16:21:Infinity":7,"b:22:2:24:Infinity:undefined:undefined:undefined:undefined":2,"s:22:2:24:Infinity":8,"b:22:6:22:16:22:16:22:35:22:35:22:69":3,"s:23:4:23:Infinity":9,"s:26:16:26:Infinity":10,"b:27:2:29:Infinity:undefined:undefined:undefined:undefined":4,"s:27:2:29:Infinity":11,"s:28:4:28:Infinity":12,"s:31:20:31:Infinity":13,"b:31:35:31:46:31:46:31:48":5,"b:32:2:34:Infinity:undefined:undefined:undefined:undefined":6,"s:32:2:34:Infinity":14,"s:33:4:33:Infinity":15,"s:36:18:36:Infinity":16,"s:39:2:43:Infinity":17,"s:40:4:40:Infinity":18,"s:42:4:42:Infinity":19,"s:46:47:46:Infinity":20,"s:47:2:55:Infinity":21,"b:48:4:54:Infinity:undefined:undefined:undefined:undefined":7,"s:48:4:54:Infinity":22,"s:49:6:53:Infinity":23,"s:50:8:50:Infinity":24,"s:57:34:57:Infinity":25,"b:59:2:61:Infinity:undefined:undefined:undefined:undefined":8,"s:59:2:61:Infinity":26,"s:60:4:60:Infinity":27,"s:63:16:67:Infinity":28,"f:63:38:63:43":1,"s:63:62:67:4":29,"b:65:12:65:34:65:34:65:Infinity":9,"b:69:2:79:Infinity:undefined:undefined:undefined:undefined":10,"s:69:2:79:Infinity":30,"s:70:4:78:Infinity":31,"b:76:10:76:Infinity:77:10:77:Infinity":11,"s:81:21:81:Infinity":32,"s:82:29:82:Infinity":33,"s:85:2:99:Infinity":34,"s:86:30:88:Infinity":35,"s:89:4:89:Infinity":36,"s:91:33:93:Infinity":37,"s:94:4:94:Infinity":38,"s:95:4:98:Infinity":39,"s:102:22:109:Infinity":40,"f:103:30:103:37":2,"s:104:33:106:Infinity":41,"s:107:6:107:Infinity":42,"s:111:29:113:Infinity":43,"s:114:31:118:Infinity":44,"s:119:2:119:Infinity":45,"s:121:2:124:Infinity":46,"s:127:31:127:Infinity":47,"s:128:2:149:Infinity":48,"s:129:22:132:Infinity":49,"s:136:19:136:35":50,"s:137:24:140:Infinity":51,"s:141:23:141:Infinity":52,"b:142:4:146:Infinity:undefined:undefined:undefined:undefined":12,"s:142:4:146:Infinity":53,"s:143:30:143:Infinity":54,"s:144:19:144:Infinity":55,"b:144:59:144:109:144:109:144:Infinity":13,"b:144:19:144:29:144:29:144:59":14,"b:145:6:145:Infinity:undefined:undefined:undefined:undefined":15,"s:145:6:145:Infinity":56,"s:145:31:145:Infinity":57,"s:151:18:157:Infinity":58,"f:152:5:152:10":3,"s:153:19:153:Infinity":59,"s:154:18:154:Infinity":60,"b:154:36:154:65:154:65:154:Infinity":16,"s:155:6:155:Infinity":61,"s:159:17:166:Infinity":62,"s:180:27:184:Infinity":63,"s:186:2:193:Infinity":64,"s:196:20:196:Infinity":65},"fnNames":{}}}
,"/home/mahesh-diwan/SPECTRE/Hackathons/OpenAI_Build_Week/accessibility-forge/src/app/api/prioritize/route.ts": {"path":"/home/mahesh-diwan/SPECTRE/Hackathons/OpenAI_Build_Week/accessibility-forge/src/app/api/prioritize/route.ts","statementMap":{"0":{"start":{"line":12,"column":17},"end":{"line":12,"column":null}},"1":{"start":{"line":13,"column":2},"end":{"line":17,"column":null}},"2":{"start":{"line":14,"column":21},"end":{"line":14,"column":null}},"3":{"start":{"line":15,"column":4},"end":{"line":15,"column":null}},"4":{"start":{"line":16,"column":4},"end":{"line":16,"column":null}},"5":{"start":{"line":19,"column":2},"end":{"line":25,"column":null}},"6":{"start":{"line":20,"column":20},"end":{"line":20,"column":69}},"7":{"start":{"line":21,"column":34},"end":{"line":25,"column":6}},"8":{"start":{"line":29,"column":17},"end":{"line":29,"column":null}},"9":{"start":{"line":30,"column":2},"end":{"line":31,"column":null}},"10":{"start":{"line":31,"column":4},"end":{"line":31,"column":null}},"11":{"start":{"line":32,"column":14},"end":{"line":32,"column":null}},"12":{"start":{"line":33,"column":2},"end":{"line":34,"column":null}},"13":{"start":{"line":34,"column":4},"end":{"line":34,"column":null}},"14":{"start":{"line":35,"column":21},"end":{"line":35,"column":null}},"15":{"start":{"line":36,"column":22},"end":{"line":36,"column":null}},"16":{"start":{"line":38,"column":2},"end":{"line":40,"column":null}},"17":{"start":{"line":39,"column":4},"end":{"line":39,"column":null}},"18":{"start":{"line":42,"column":17},"end":{"line":42,"column":null}},"19":{"start":{"line":43,"column":2},"end":{"line":85,"column":null}},"20":{"start":{"line":44,"column":4},"end":{"line":84,"column":null}},"21":{"start":{"line":45,"column":21},"end":{"line":53,"column":null}},"22":{"start":{"line":57,"column":21},"end":{"line":57,"column":37}},"23":{"start":{"line":58,"column":23},"end":{"line":62,"column":null}},"24":{"start":{"line":64,"column":22},"end":{"line":64,"column":null}},"25":{"start":{"line":65,"column":6},"end":{"line":81,"column":null}},"26":{"start":{"line":66,"column":32},"end":{"line":66,"column":null}},"27":{"start":{"line":67,"column":21},"end":{"line":67,"column":null}},"28":{"start":{"line":68,"column":14},"end":{"line":77,"column":null}},"29":{"start":{"line":69,"column":25},"end":{"line":69,"column":122}},"30":{"start":{"line":70,"column":23},"end":{"line":76,"column":12}},"31":{"start":{"line":74,"column":37},"end":{"line":74,"column":93}},"32":{"start":{"line":75,"column":34},"end":{"line":75,"column":47}},"33":{"start":{"line":77,"column":25},"end":{"line":77,"column":48}},"34":{"start":{"line":78,"column":8},"end":{"line":80,"column":null}},"35":{"start":{"line":79,"column":10},"end":{"line":79,"column":null}},"36":{"start":{"line":87,"column":17},"end":{"line":87,"column":null}},"37":{"start":{"line":88,"column":2},"end":{"line":88,"column":null}},"38":{"start":{"line":91,"column":20},"end":{"line":91,"column":null}}},"fnMap":{"0":{"name":"fallbackGroup","decl":{"start":{"line":11,"column":9},"end":{"line":11,"column":23}},"loc":{"start":{"line":11,"column":60},"end":{"line":26,"column":null}},"line":11},"1":{"name":"(anonymous_1)","decl":{"start":{"line":20,"column":5},"end":{"line":20,"column":11}},"loc":{"start":{"line":20,"column":20},"end":{"line":20,"column":69}},"line":20},"2":{"name":"(anonymous_2)","decl":{"start":{"line":21,"column":5},"end":{"line":21,"column":10}},"loc":{"start":{"line":21,"column":34},"end":{"line":25,"column":6}},"line":21},"3":{"name":"handle","decl":{"start":{"line":28,"column":15},"end":{"line":28,"column":22}},"loc":{"start":{"line":28,"column":40},"end":{"line":89,"column":null}},"line":28},"4":{"name":"(anonymous_4)","decl":{"start":{"line":69,"column":11},"end":{"line":69,"column":19}},"loc":{"start":{"line":69,"column":25},"end":{"line":69,"column":122}},"line":69},"5":{"name":"(anonymous_5)","decl":{"start":{"line":70,"column":11},"end":{"line":70,"column":16}},"loc":{"start":{"line":70,"column":23},"end":{"line":76,"column":12}},"line":70},"6":{"name":"(anonymous_6)","decl":{"start":{"line":74,"column":15},"end":{"line":74,"column":23}},"loc":{"start":{"line":74,"column":37},"end":{"line":74,"column":93}},"line":74},"7":{"name":"(anonymous_7)","decl":{"start":{"line":75,"column":15},"end":{"line":75,"column":20}},"loc":{"start":{"line":75,"column":34},"end":{"line":75,"column":47}},"line":75},"8":{"name":"(anonymous_8)","decl":{"start":{"line":77,"column":11},"end":{"line":77,"column":19}},"loc":{"start":{"line":77,"column":25},"end":{"line":77,"column":48}},"line":77}},"branchMap":{"0":{"loc":{"start":{"line":14,"column":21},"end":{"line":14,"column":null}},"type":"binary-expr","locations":[{"start":{"line":14,"column":21},"end":{"line":14,"column":43}},{"start":{"line":14,"column":43},"end":{"line":14,"column":null}}],"line":14},"1":{"loc":{"start":{"line":30,"column":2},"end":{"line":31,"column":null}},"type":"if","locations":[{"start":{"line":30,"column":2},"end":{"line":31,"column":null}},{"start":{},"end":{}}],"line":30},"2":{"loc":{"start":{"line":33,"column":2},"end":{"line":34,"column":null}},"type":"if","locations":[{"start":{"line":33,"column":2},"end":{"line":34,"column":null}},{"start":{},"end":{}}],"line":33},"3":{"loc":{"start":{"line":38,"column":2},"end":{"line":40,"column":null}},"type":"if","locations":[{"start":{"line":38,"column":2},"end":{"line":40,"column":null}},{"start":{},"end":{}}],"line":38},"4":{"loc":{"start":{"line":38,"column":6},"end":{"line":38,"column":46}},"type":"binary-expr","locations":[{"start":{"line":38,"column":6},"end":{"line":38,"column":21}},{"start":{"line":38,"column":21},"end":{"line":38,"column":46}}],"line":38},"5":{"loc":{"start":{"line":43,"column":2},"end":{"line":85,"column":null}},"type":"if","locations":[{"start":{"line":43,"column":2},"end":{"line":85,"column":null}},{"start":{},"end":{}}],"line":43},"6":{"loc":{"start":{"line":65,"column":6},"end":{"line":81,"column":null}},"type":"if","locations":[{"start":{"line":65,"column":6},"end":{"line":81,"column":null}},{"start":{},"end":{}}],"line":65},"7":{"loc":{"start":{"line":67,"column":21},"end":{"line":67,"column":null}},"type":"cond-expr","locations":[{"start":{"line":67,"column":61},"end":{"line":67,"column":115}},{"start":{"line":67,"column":115},"end":{"line":67,"column":null}}],"line":67},"8":{"loc":{"start":{"line":67,"column":21},"end":{"line":67,"column":61}},"type":"binary-expr","locations":[{"start":{"line":67,"column":21},"end":{"line":67,"column":31}},{"start":{"line":67,"column":31},"end":{"line":67,"column":61}}],"line":67},"9":{"loc":{"start":{"line":67,"column":61},"end":{"line":67,"column":115}},"type":"binary-expr","locations":[{"start":{"line":67,"column":61},"end":{"line":67,"column":106}},{"start":{"line":67,"column":106},"end":{"line":67,"column":115}}],"line":67},"10":{"loc":{"start":{"line":68,"column":24},"end":{"line":68,"column":53}},"type":"cond-expr","locations":[{"start":{"line":68,"column":45},"end":{"line":68,"column":51}},{"start":{"line":68,"column":51},"end":{"line":68,"column":53}}],"line":68},"11":{"loc":{"start":{"line":69,"column":25},"end":{"line":69,"column":122}},"type":"binary-expr","locations":[{"start":{"line":69,"column":25},"end":{"line":69,"column":30}},{"start":{"line":69,"column":30},"end":{"line":69,"column":55}},{"start":{"line":69,"column":55},"end":{"line":69,"column":89}},{"start":{"line":69,"column":89},"end":{"line":69,"column":122}}],"line":69},"12":{"loc":{"start":{"line":72,"column":23},"end":{"line":72,"column":null}},"type":"cond-expr","locations":[{"start":{"line":72,"column":57},"end":{"line":72,"column":71}},{"start":{"line":72,"column":71},"end":{"line":72,"column":null}}],"line":72},"13":{"loc":{"start":{"line":74,"column":37},"end":{"line":74,"column":93}},"type":"binary-expr","locations":[{"start":{"line":74,"column":37},"end":{"line":74,"column":62}},{"start":{"line":74,"column":62},"end":{"line":74,"column":72}},{"start":{"line":74,"column":72},"end":{"line":74,"column":93}}],"line":74},"14":{"loc":{"start":{"line":78,"column":8},"end":{"line":80,"column":null}},"type":"if","locations":[{"start":{"line":78,"column":8},"end":{"line":80,"column":null}},{"start":{},"end":{}}],"line":78}},"s":{"0":1,"1":1,"2":2,"3":2,"4":2,"5":1,"6":1,"7":2,"8":4,"9":4,"10":0,"11":4,"12":4,"13":2,"14":2,"15":2,"16":2,"17":0,"18":2,"19":2,"20":1,"21":1,"22":1,"23":1,"24":1,"25":1,"26":1,"27":1,"28":1,"29":1,"30":1,"31":1,"32":1,"33":1,"34":1,"35":1,"36":1,"37":1,"38":1},"f":{"0":1,"1":1,"2":2,"3":4,"4":1,"5":1,"6":1,"7":1,"8":1},"b":{"0":[2,2],"1":[0,4],"2":[2,2],"3":[0,2],"4":[2,2],"5":[1,1],"6":[1,0],"7":[1,0],"8":[1,1],"9":[1,0],"10":[1,0],"11":[1,1,1,1],"12":[1,0],"13":[1,1,1],"14":[1,0]},"meta":{"lastBranch":15,"lastFunction":9,"lastStatement":39,"seen":{"f:11:9:11:23":0,"s:12:17:12:Infinity":0,"s:13:2:17:Infinity":1,"s:14:21:14:Infinity":2,"b:14:21:14:43:14:43:14:Infinity":0,"s:15:4:15:Infinity":3,"s:16:4:16:Infinity":4,"s:19:2:25:Infinity":5,"f:20:5:20:11":1,"s:20:20:20:69":6,"f:21:5:21:10":2,"s:21:34:25:6":7,"f:28:15:28:22":3,"s:29:17:29:Infinity":8,"b:30:2:31:Infinity:undefined:undefined:undefined:undefined":1,"s:30:2:31:Infinity":9,"s:31:4:31:Infinity":10,"s:32:14:32:Infinity":11,"b:33:2:34:Infinity:undefined:undefined:undefined:undefined":2,"s:33:2:34:Infinity":12,"s:34:4:34:Infinity":13,"s:35:21:35:Infinity":14,"s:36:22:36:Infinity":15,"b:38:2:40:Infinity:undefined:undefined:undefined:undefined":3,"s:38:2:40:Infinity":16,"b:38:6:38:21:38:21:38:46":4,"s:39:4:39:Infinity":17,"s:42:17:42:Infinity":18,"b:43:2:85:Infinity:undefined:undefined:undefined:undefined":5,"s:43:2:85:Infinity":19,"s:44:4:84:Infinity":20,"s:45:21:53:Infinity":21,"s:57:21:57:37":22,"s:58:23:62:Infinity":23,"s:64:22:64:Infinity":24,"b:65:6:81:Infinity:undefined:undefined:undefined:undefined":6,"s:65:6:81:Infinity":25,"s:66:32:66:Infinity":26,"s:67:21:67:Infinity":27,"b:67:61:67:115:67:115:67:Infinity":7,"b:67:21:67:31:67:31:67:61":8,"b:67:61:67:106:67:106:67:115":9,"s:68:14:77:Infinity":28,"b:68:45:68:51:68:51:68:53":10,"f:69:11:69:19":4,"s:69:25:69:122":29,"b:69:25:69:30:69:30:69:55:69:55:69:89:69:89:69:122":11,"f:70:11:70:16":5,"s:70:23:76:12":30,"b:72:57:72:71:72:71:72:Infinity":12,"f:74:15:74:23":6,"s:74:37:74:93":31,"b:74:37:74:62:74:62:74:72:74:72:74:93":13,"f:75:15:75:20":7,"s:75:34:75:47":32,"f:77:11:77:19":8,"s:77:25:77:48":33,"b:78:8:80:Infinity:undefined:undefined:undefined:undefined":14,"s:78:8:80:Infinity":34,"s:79:10:79:Infinity":35,"s:87:17:87:Infinity":36,"s:88:2:88:Infinity":37,"s:91:20:91:Infinity":38},"fnNames":{}}}
,"/home/mahesh-diwan/SPECTRE/Hackathons/OpenAI_Build_Week/accessibility-forge/src/app/api/report/route.ts": {"path":"/home/mahesh-diwan/SPECTRE/Hackathons/OpenAI_Build_Week/accessibility-forge/src/app/api/report/route.ts","statementMap":{"0":{"start":{"line":8,"column":17},"end":{"line":8,"column":null}},"1":{"start":{"line":9,"column":2},"end":{"line":10,"column":null}},"2":{"start":{"line":10,"column":4},"end":{"line":10,"column":null}},"3":{"start":{"line":11,"column":15},"end":{"line":11,"column":null}},"4":{"start":{"line":12,"column":15},"end":{"line":12,"column":null}},"5":{"start":{"line":13,"column":2},"end":{"line":19,"column":null}},"6":{"start":{"line":22,"column":20},"end":{"line":22,"column":null}}},"fnMap":{"0":{"name":"handle","decl":{"start":{"line":7,"column":15},"end":{"line":7,"column":22}},"loc":{"start":{"line":7,"column":40},"end":{"line":20,"column":null}},"line":7}},"branchMap":{"0":{"loc":{"start":{"line":9,"column":2},"end":{"line":10,"column":null}},"type":"if","locations":[{"start":{"line":9,"column":2},"end":{"line":10,"column":null}},{"start":{},"end":{}}],"line":9}},"s":{"0":2,"1":2,"2":1,"3":1,"4":1,"5":1,"6":1},"f":{"0":2},"b":{"0":[1,1]},"meta":{"lastBranch":1,"lastFunction":1,"lastStatement":7,"seen":{"f:7:15:7:22":0,"s:8:17:8:Infinity":0,"b:9:2:10:Infinity:undefined:undefined:undefined:undefined":0,"s:9:2:10:Infinity":1,"s:10:4:10:Infinity":2,"s:11:15:11:Infinity":3,"s:12:15:12:Infinity":4,"s:13:2:19:Infinity":5,"s:22:20:22:Infinity":6},"fnNames":{}}}
,"/home/mahesh-diwan/SPECTRE/Hackathons/OpenAI_Build_Week/accessibility-forge/src/app/api/report/pdf/route.ts": {"path":"/home/mahesh-diwan/SPECTRE/Hackathons/OpenAI_Build_Week/accessibility-forge/src/app/api/report/pdf/route.ts","statementMap":{"0":{"start":{"line":9,"column":17},"end":{"line":9,"column":null}},"1":{"start":{"line":10,"column":2},"end":{"line":11,"column":null}},"2":{"start":{"line":11,"column":4},"end":{"line":11,"column":null}},"3":{"start":{"line":12,"column":15},"end":{"line":12,"column":null}},"4":{"start":{"line":13,"column":2},"end":{"line":15,"column":null}},"5":{"start":{"line":14,"column":4},"end":{"line":14,"column":null}},"6":{"start":{"line":16,"column":14},"end":{"line":16,"column":null}},"7":{"start":{"line":17,"column":2},"end":{"line":23,"column":null}},"8":{"start":{"line":26,"column":20},"end":{"line":26,"column":null}}},"fnMap":{"0":{"name":"handle","decl":{"start":{"line":8,"column":15},"end":{"line":8,"column":22}},"loc":{"start":{"line":8,"column":40},"end":{"line":24,"column":null}},"line":8}},"branchMap":{"0":{"loc":{"start":{"line":10,"column":2},"end":{"line":11,"column":null}},"type":"if","locations":[{"start":{"line":10,"column":2},"end":{"line":11,"column":null}},{"start":{},"end":{}}],"line":10},"1":{"loc":{"start":{"line":13,"column":2},"end":{"line":15,"column":null}},"type":"if","locations":[{"start":{"line":13,"column":2},"end":{"line":15,"column":null}},{"start":{},"end":{}}],"line":13},"2":{"loc":{"start":{"line":13,"column":6},"end":{"line":13,"column":28}},"type":"binary-expr","locations":[{"start":{"line":13,"column":6},"end":{"line":13,"column":15}},{"start":{"line":13,"column":15},"end":{"line":13,"column":28}}],"line":13}},"s":{"0":2,"1":2,"2":0,"3":2,"4":2,"5":1,"6":1,"7":1,"8":1},"f":{"0":2},"b":{"0":[0,2],"1":[1,1],"2":[2,2]},"meta":{"lastBranch":3,"lastFunction":1,"lastStatement":9,"seen":{"f:8:15:8:22":0,"s:9:17:9:Infinity":0,"b:10:2:11:Infinity:undefined:undefined:undefined:undefined":0,"s:10:2:11:Infinity":1,"s:11:4:11:Infinity":2,"s:12:15:12:Infinity":3,"b:13:2:15:Infinity:undefined:undefined:undefined:undefined":1,"s:13:2:15:Infinity":4,"b:13:6:13:15:13:15:13:28":2,"s:14:4:14:Infinity":5,"s:16:14:16:Infinity":6,"s:17:2:23:Infinity":7,"s:26:20:26:Infinity":8},"fnNames":{}}}
,"/home/mahesh-diwan/SPECTRE/Hackathons/OpenAI_Build_Week/accessibility-forge/src/app/api/scan/route.ts": {"path":"/home/mahesh-diwan/SPECTRE/Hackathons/OpenAI_Build_Week/accessibility-forge/src/app/api/scan/route.ts","statementMap":{"0":{"start":{"line":12,"column":17},"end":{"line":12,"column":null}},"1":{"start":{"line":13,"column":2},"end":{"line":14,"column":null}},"2":{"start":{"line":14,"column":4},"end":{"line":14,"column":null}},"3":{"start":{"line":15,"column":14},"end":{"line":15,"column":null}},"4":{"start":{"line":16,"column":2},"end":{"line":17,"column":null}},"5":{"start":{"line":17,"column":4},"end":{"line":17,"column":null}},"6":{"start":{"line":18,"column":22},"end":{"line":18,"column":null}},"7":{"start":{"line":20,"column":16},"end":{"line":20,"column":null}},"8":{"start":{"line":21,"column":2},"end":{"line":21,"column":null}},"9":{"start":{"line":21,"column":14},"end":{"line":21,"column":null}},"10":{"start":{"line":23,"column":21},"end":{"line":23,"column":null}},"11":{"start":{"line":24,"column":16},"end":{"line":24,"column":null}},"12":{"start":{"line":25,"column":23},"end":{"line":25,"column":null}},"13":{"start":{"line":26,"column":21},"end":{"line":26,"column":null}},"14":{"start":{"line":28,"column":2},"end":{"line":34,"column":null}},"15":{"start":{"line":37,"column":20},"end":{"line":37,"column":null}}},"fnMap":{"0":{"name":"handle","decl":{"start":{"line":11,"column":15},"end":{"line":11,"column":22}},"loc":{"start":{"line":11,"column":40},"end":{"line":35,"column":null}},"line":11}},"branchMap":{"0":{"loc":{"start":{"line":13,"column":2},"end":{"line":14,"column":null}},"type":"if","locations":[{"start":{"line":13,"column":2},"end":{"line":14,"column":null}},{"start":{},"end":{}}],"line":13},"1":{"loc":{"start":{"line":16,"column":2},"end":{"line":17,"column":null}},"type":"if","locations":[{"start":{"line":16,"column":2},"end":{"line":17,"column":null}},{"start":{},"end":{}}],"line":16},"2":{"loc":{"start":{"line":21,"column":2},"end":{"line":21,"column":null}},"type":"if","locations":[{"start":{"line":21,"column":2},"end":{"line":21,"column":null}},{"start":{},"end":{}}],"line":21}},"s":{"0":3,"1":3,"2":0,"3":3,"4":3,"5":1,"6":2,"7":2,"8":2,"9":1,"10":1,"11":1,"12":1,"13":1,"14":1,"15":1},"f":{"0":3},"b":{"0":[0,3],"1":[1,2],"2":[1,1]},"meta":{"lastBranch":3,"lastFunction":1,"lastStatement":16,"seen":{"f:11:15:11:22":0,"s:12:17:12:Infinity":0,"b:13:2:14:Infinity:undefined:undefined:undefined:undefined":0,"s:13:2:14:Infinity":1,"s:14:4:14:Infinity":2,"s:15:14:15:Infinity":3,"b:16:2:17:Infinity:undefined:undefined:undefined:undefined":1,"s:16:2:17:Infinity":4,"s:17:4:17:Infinity":5,"s:18:22:18:Infinity":6,"s:20:16:20:Infinity":7,"b:21:2:21:Infinity:undefined:undefined:undefined:undefined":2,"s:21:2:21:Infinity":8,"s:21:14:21:Infinity":9,"s:23:21:23:Infinity":10,"s:24:16:24:Infinity":11,"s:25:23:25:Infinity":12,"s:26:21:26:Infinity":13,"s:28:2:34:Infinity":14,"s:37:20:37:Infinity":15},"fnNames":{}}}
,"/home/mahesh-diwan/SPECTRE/Hackathons/OpenAI_Build_Week/accessibility-forge/src/lib/cache.ts": {"path":"/home/mahesh-diwan/SPECTRE/Hackathons/OpenAI_Build_Week/accessibility-forge/src/lib/cache.ts","statementMap":{"0":{"start":{"line":1,"column":14},"end":{"line":1,"column":null}},"1":{"start":{"line":2,"column":12},"end":{"line":2,"column":null}},"2":{"start":{"line":5,"column":14},"end":{"line":5,"column":null}},"3":{"start":{"line":6,"column":2},"end":{"line":6,"column":null}},"4":{"start":{"line":6,"column":12},"end":{"line":6,"column":null}},"5":{"start":{"line":7,"column":2},"end":{"line":10,"column":null}},"6":{"start":{"line":8,"column":4},"end":{"line":8,"column":null}},"7":{"start":{"line":9,"column":4},"end":{"line":9,"column":null}},"8":{"start":{"line":11,"column":2},"end":{"line":11,"column":null}},"9":{"start":{"line":15,"column":2},"end":{"line":15,"column":null}},"10":{"start":{"line":19,"column":2},"end":{"line":19,"column":null}}},"fnMap":{"0":{"name":"cacheGet","decl":{"start":{"line":4,"column":16},"end":{"line":4,"column":25}},"loc":{"start":{"line":4,"column":59},"end":{"line":12,"column":null}},"line":4},"1":{"name":"cacheSet","decl":{"start":{"line":14,"column":16},"end":{"line":14,"column":25}},"loc":{"start":{"line":14,"column":60},"end":{"line":16,"column":null}},"line":14},"2":{"name":"cacheClear","decl":{"start":{"line":18,"column":16},"end":{"line":18,"column":35}},"loc":{"start":{"line":18,"column":35},"end":{"line":20,"column":null}},"line":18}},"branchMap":{"0":{"loc":{"start":{"line":6,"column":2},"end":{"line":6,"column":null}},"type":"if","locations":[{"start":{"line":6,"column":2},"end":{"line":6,"column":null}},{"start":{},"end":{}}],"line":6},"1":{"loc":{"start":{"line":7,"column":2},"end":{"line":10,"column":null}},"type":"if","locations":[{"start":{"line":7,"column":2},"end":{"line":10,"column":null}},{"start":{},"end":{}}],"line":7}},"s":{"0":2,"1":2,"2":6,"3":6,"4":3,"5":3,"6":1,"7":1,"8":2,"9":5,"10":6},"f":{"0":6,"1":5,"2":6},"b":{"0":[3,3],"1":[1,2]},"meta":{"lastBranch":2,"lastFunction":3,"lastStatement":11,"seen":{"s:1:14:1:Infinity":0,"s:2:12:2:Infinity":1,"f:4:16:4:25":0,"s:5:14:5:Infinity":2,"b:6:2:6:Infinity:undefined:undefined:undefined:undefined":0,"s:6:2:6:Infinity":3,"s:6:12:6:Infinity":4,"b:7:2:10:Infinity:undefined:undefined:undefined:undefined":1,"s:7:2:10:Infinity":5,"s:8:4:8:Infinity":6,"s:9:4:9:Infinity":7,"s:11:2:11:Infinity":8,"f:14:16:14:25":1,"s:15:2:15:Infinity":9,"f:18:16:18:35":2,"s:19:2:19:Infinity":10},"fnNames":{}}}
,"/home/mahesh-diwan/SPECTRE/Hackathons/OpenAI_Build_Week/accessibility-forge/src/lib/coalesce.ts": {"path":"/home/mahesh-diwan/SPECTRE/Hackathons/OpenAI_Build_Week/accessibility-forge/src/lib/coalesce.ts","statementMap":{"0":{"start":{"line":1,"column":17},"end":{"line":1,"column":null}},"1":{"start":{"line":4,"column":19},"end":{"line":4,"column":null}},"2":{"start":{"line":5,"column":2},"end":{"line":5,"column":null}},"3":{"start":{"line":5,"column":16},"end":{"line":5,"column":null}},"4":{"start":{"line":6,"column":12},"end":{"line":6,"column":null}},"5":{"start":{"line":6,"column":31},"end":{"line":6,"column":51}},"6":{"start":{"line":7,"column":2},"end":{"line":7,"column":null}},"7":{"start":{"line":8,"column":2},"end":{"line":8,"column":null}}},"fnMap":{"0":{"name":"coalesce","decl":{"start":{"line":3,"column":16},"end":{"line":3,"column":28}},"loc":{"start":{"line":3,"column":75},"end":{"line":9,"column":null}},"line":3},"1":{"name":"(anonymous_1)","decl":{"start":{"line":6,"column":17},"end":{"line":6,"column":31}},"loc":{"start":{"line":6,"column":31},"end":{"line":6,"column":51}},"line":6}},"branchMap":{"0":{"loc":{"start":{"line":5,"column":2},"end":{"line":5,"column":null}},"type":"if","locations":[{"start":{"line":5,"column":2},"end":{"line":5,"column":null}},{"start":{},"end":{}}],"line":5}},"s":{"0":2,"1":11,"2":11,"3":3,"4":8,"5":8,"6":8,"7":8},"f":{"0":11,"1":8},"b":{"0":[3,8]},"meta":{"lastBranch":1,"lastFunction":2,"lastStatement":8,"seen":{"s:1:17:1:Infinity":0,"f:3:16:3:28":0,"s:4:19:4:Infinity":1,"b:5:2:5:Infinity:undefined:undefined:undefined:undefined":0,"s:5:2:5:Infinity":2,"s:5:16:5:Infinity":3,"s:6:12:6:Infinity":4,"f:6:17:6:31":1,"s:6:31:6:51":5,"s:7:2:7:Infinity":6,"s:8:2:8:Infinity":7},"fnNames":{}}}
,"/home/mahesh-diwan/SPECTRE/Hackathons/OpenAI_Build_Week/accessibility-forge/src/lib/env.ts": {"path":"/home/mahesh-diwan/SPECTRE/Hackathons/OpenAI_Build_Week/accessibility-forge/src/lib/env.ts","statementMap":{"0":{"start":{"line":2,"column":19},"end":{"line":2,"column":null}},"1":{"start":{"line":3,"column":18},"end":{"line":3,"column":null}},"2":{"start":{"line":3,"column":41},"end":{"line":3,"column":56}},"3":{"start":{"line":4,"column":2},"end":{"line":6,"column":null}},"4":{"start":{"line":5,"column":4},"end":{"line":5,"column":null}}},"fnMap":{"0":{"name":"validateEnv","decl":{"start":{"line":1,"column":16},"end":{"line":1,"column":36}},"loc":{"start":{"line":1,"column":36},"end":{"line":7,"column":null}},"line":1},"1":{"name":"(anonymous_1)","decl":{"start":{"line":3,"column":27},"end":{"line":3,"column":35}},"loc":{"start":{"line":3,"column":41},"end":{"line":3,"column":56}},"line":3}},"branchMap":{"0":{"loc":{"start":{"line":4,"column":2},"end":{"line":6,"column":null}},"type":"if","locations":[{"start":{"line":4,"column":2},"end":{"line":6,"column":null}},{"start":{},"end":{}}],"line":4}},"s":{"0":2,"1":2,"2":2,"3":2,"4":1},"f":{"0":2,"1":2},"b":{"0":[1,1]},"meta":{"lastBranch":1,"lastFunction":2,"lastStatement":5,"seen":{"f:1:16:1:36":0,"s:2:19:2:Infinity":0,"s:3:18:3:Infinity":1,"f:3:27:3:35":1,"s:3:41:3:56":2,"b:4:2:6:Infinity:undefined:undefined:undefined:undefined":0,"s:4:2:6:Infinity":3,"s:5:4:5:Infinity":4},"fnNames":{}}}
,"/home/mahesh-diwan/SPECTRE/Hackathons/OpenAI_Build_Week/accessibility-forge/src/lib/errors.ts": {"path":"/home/mahesh-diwan/SPECTRE/Hackathons/OpenAI_Build_Week/accessibility-forge/src/lib/errors.ts","statementMap":{"0":{"start":{"line":2,"column":2},"end":{"line":4,"column":null}},"1":{"start":{"line":24,"column":4},"end":{"line":24,"column":null}},"2":{"start":{"line":25,"column":4},"end":{"line":25,"column":null}},"3":{"start":{"line":26,"column":4},"end":{"line":26,"column":null}},"4":{"start":{"line":27,"column":4},"end":{"line":27,"column":null}},"5":{"start":{"line":28,"column":4},"end":{"line":28,"column":null}},"6":{"start":{"line":29,"column":4},"end":{"line":29,"column":null}},"7":{"start":{"line":30,"column":4},"end":{"line":30,"column":null}},"8":{"start":{"line":31,"column":4},"end":{"line":31,"column":null}},"9":{"start":{"line":31,"column":20},"end":{"line":31,"column":null}},"10":{"start":{"line":37,"column":4},"end":{"line":37,"column":null}},"11":{"start":{"line":42,"column":4},"end":{"line":42,"column":null}},"12":{"start":{"line":51,"column":4},"end":{"line":51,"column":null}},"13":{"start":{"line":60,"column":4},"end":{"line":60,"column":null}},"14":{"start":{"line":65,"column":4},"end":{"line":65,"column":null}},"15":{"start":{"line":70,"column":4},"end":{"line":70,"column":null}},"16":{"start":{"line":75,"column":2},"end":{"line":75,"column":null}}},"fnMap":{"0":{"name":"errorId","decl":{"start":{"line":1,"column":16},"end":{"line":1,"column":34}},"loc":{"start":{"line":1,"column":34},"end":{"line":6,"column":null}},"line":1},"1":{"name":"constructor","decl":{"start":{"line":23,"column":2},"end":{"line":23,"column":14}},"loc":{"start":{"line":23,"column":34},"end":{"line":32,"column":null}},"line":23},"2":{"name":"constructor_2","decl":{"start":{"line":36,"column":2},"end":{"line":36,"column":14}},"loc":{"start":{"line":36,"column":54},"end":{"line":38,"column":null}},"line":36},"3":{"name":"constructor_3","decl":{"start":{"line":41,"column":2},"end":{"line":41,"column":14}},"loc":{"start":{"line":41,"column":67},"end":{"line":43,"column":null}},"line":41},"4":{"name":"constructor_4","decl":{"start":{"line":46,"column":2},"end":{"line":46,"column":null}},"loc":{"start":{"line":50,"column":4},"end":{"line":52,"column":null}},"line":50},"5":{"name":"constructor_5","decl":{"start":{"line":55,"column":2},"end":{"line":55,"column":null}},"loc":{"start":{"line":59,"column":4},"end":{"line":61,"column":null}},"line":59},"6":{"name":"constructor_6","decl":{"start":{"line":64,"column":2},"end":{"line":64,"column":14}},"loc":{"start":{"line":64,"column":79},"end":{"line":66,"column":null}},"line":64},"7":{"name":"constructor_7","decl":{"start":{"line":69,"column":2},"end":{"line":69,"column":14}},"loc":{"start":{"line":69,"column":35},"end":{"line":71,"column":null}},"line":69},"8":{"name":"isAppError","decl":{"start":{"line":74,"column":16},"end":{"line":74,"column":27}},"loc":{"start":{"line":74,"column":54},"end":{"line":76,"column":null}},"line":74}},"branchMap":{"0":{"loc":{"start":{"line":3,"column":4},"end":{"line":4,"column":null}},"type":"binary-expr","locations":[{"start":{"line":3,"column":4},"end":{"line":3,"column":null}},{"start":{"line":4,"column":4},"end":{"line":4,"column":null}}],"line":3},"1":{"loc":{"start":{"line":31,"column":4},"end":{"line":31,"column":null}},"type":"if","locations":[{"start":{"line":31,"column":4},"end":{"line":31,"column":null}},{"start":{},"end":{}}],"line":31},"2":{"loc":{"start":{"line":41,"column":14},"end":{"line":41,"column":67}},"type":"default-arg","locations":[{"start":{"line":41,"column":28},"end":{"line":41,"column":67}}],"line":41},"3":{"loc":{"start":{"line":47,"column":4},"end":{"line":47,"column":null}},"type":"default-arg","locations":[{"start":{"line":47,"column":18},"end":{"line":47,"column":null}}],"line":47},"4":{"loc":{"start":{"line":56,"column":4},"end":{"line":56,"column":null}},"type":"default-arg","locations":[{"start":{"line":56,"column":18},"end":{"line":56,"column":null}}],"line":56},"5":{"loc":{"start":{"line":64,"column":14},"end":{"line":64,"column":43}},"type":"default-arg","locations":[{"start":{"line":64,"column":28},"end":{"line":64,"column":43}}],"line":64}},"s":{"0":20,"1":18,"2":18,"3":18,"4":18,"5":18,"6":18,"7":18,"8":18,"9":1,"10":13,"11":0,"12":1,"13":0,"14":0,"15":2,"16":17},"f":{"0":20,"1":18,"2":13,"3":0,"4":1,"5":0,"6":0,"7":2,"8":17},"b":{"0":[20,0],"1":[1,17],"2":[0],"3":[1],"4":[0],"5":[0]},"meta":{"lastBranch":6,"lastFunction":9,"lastStatement":17,"seen":{"f:1:16:1:34":0,"s:2:2:4:Infinity":0,"b:3:4:3:Infinity:4:4:4:Infinity":0,"f:23:2:23:14":1,"s:24:4:24:Infinity":1,"s:25:4:25:Infinity":2,"s:26:4:26:Infinity":3,"s:27:4:27:Infinity":4,"s:28:4:28:Infinity":5,"s:29:4:29:Infinity":6,"s:30:4:30:Infinity":7,"b:31:4:31:Infinity:undefined:undefined:undefined:undefined":1,"s:31:4:31:Infinity":8,"s:31:20:31:Infinity":9,"f:36:2:36:14":2,"s:37:4:37:Infinity":10,"f:41:2:41:14":3,"b:41:28:41:67":2,"s:42:4:42:Infinity":11,"f:46:2:46:Infinity":4,"b:47:18:47:Infinity":3,"s:51:4:51:Infinity":12,"f:55:2:55:Infinity":5,"b:56:18:56:Infinity":4,"s:60:4:60:Infinity":13,"f:64:2:64:14":6,"b:64:28:64:43":5,"s:65:4:65:Infinity":14,"f:69:2:69:14":7,"s:70:4:70:Infinity":15,"f:74:16:74:27":8,"s:75:2:75:Infinity":16},"fnNames":{}}}
,"/home/mahesh-diwan/SPECTRE/Hackathons/OpenAI_Build_Week/accessibility-forge/src/lib/logger.ts": {"path":"/home/mahesh-diwan/SPECTRE/Hackathons/OpenAI_Build_Week/accessibility-forge/src/lib/logger.ts","statementMap":{"0":{"start":{"line":9,"column":2},"end":{"line":18,"column":null}},"1":{"start":{"line":21,"column":14},"end":{"line":21,"column":null}},"2":{"start":{"line":22,"column":2},"end":{"line":30,"column":null}}},"fnMap":{"0":{"name":"logRequest","decl":{"start":{"line":3,"column":16},"end":{"line":3,"column":null}},"loc":{"start":{"line":8,"column":8},"end":{"line":19,"column":null}},"line":8},"1":{"name":"logError","decl":{"start":{"line":20,"column":16},"end":{"line":20,"column":25}},"loc":{"start":{"line":20,"column":75},"end":{"line":31,"column":null}},"line":20}},"branchMap":{"0":{"loc":{"start":{"line":21,"column":14},"end":{"line":21,"column":null}},"type":"cond-expr","locations":[{"start":{"line":21,"column":37},"end":{"line":21,"column":51}},{"start":{"line":21,"column":51},"end":{"line":21,"column":null}}],"line":21}},"s":{"0":25,"1":1,"2":1},"f":{"0":25,"1":1},"b":{"0":[1,0]},"meta":{"lastBranch":1,"lastFunction":2,"lastStatement":3,"seen":{"f:3:16:3:Infinity":0,"s:9:2:18:Infinity":0,"f:20:16:20:25":1,"s:21:14:21:Infinity":1,"b:21:37:21:51:21:51:21:Infinity":0,"s:22:2:30:Infinity":2},"fnNames":{}}}
,"/home/mahesh-diwan/SPECTRE/Hackathons/OpenAI_Build_Week/accessibility-forge/src/lib/rate-limit.ts": {"path":"/home/mahesh-diwan/SPECTRE/Hackathons/OpenAI_Build_Week/accessibility-forge/src/lib/rate-limit.ts","statementMap":{"0":{"start":{"line":17,"column":12},"end":{"line":17,"column":18}},"1":{"start":{"line":18,"column":12},"end":{"line":18,"column":23}},"2":{"start":{"line":14,"column":17},"end":{"line":14,"column":null}},"3":{"start":{"line":22,"column":16},"end":{"line":22,"column":null}},"4":{"start":{"line":23,"column":18},"end":{"line":23,"column":null}},"5":{"start":{"line":24,"column":4},"end":{"line":31,"column":null}},"6":{"start":{"line":25,"column":6},"end":{"line":25,"column":null}},"7":{"start":{"line":26,"column":6},"end":{"line":30,"column":null}},"8":{"start":{"line":32,"column":4},"end":{"line":32,"column":null}},"9":{"start":{"line":33,"column":4},"end":{"line":35,"column":null}},"10":{"start":{"line":34,"column":6},"end":{"line":34,"column":null}},"11":{"start":{"line":36,"column":4},"end":{"line":40,"column":null}}},"fnMap":{"0":{"name":"constructor","decl":{"start":{"line":16,"column":2},"end":{"line":16,"column":null}},"loc":{"start":{"line":19,"column":4},"end":{"line":19,"column":null}},"line":19},"1":{"name":"check","decl":{"start":{"line":21,"column":2},"end":{"line":21,"column":8}},"loc":{"start":{"line":21,"column":38},"end":{"line":41,"column":null}},"line":21}},"branchMap":{"0":{"loc":{"start":{"line":17,"column":4},"end":{"line":17,"column":null}},"type":"default-arg","locations":[{"start":{"line":17,"column":18},"end":{"line":17,"column":null}}],"line":17},"1":{"loc":{"start":{"line":18,"column":4},"end":{"line":18,"column":null}},"type":"default-arg","locations":[{"start":{"line":18,"column":23},"end":{"line":18,"column":null}}],"line":18},"2":{"loc":{"start":{"line":24,"column":4},"end":{"line":31,"column":null}},"type":"if","locations":[{"start":{"line":24,"column":4},"end":{"line":31,"column":null}},{"start":{},"end":{}}],"line":24},"3":{"loc":{"start":{"line":24,"column":8},"end":{"line":24,"column":39}},"type":"binary-expr","locations":[{"start":{"line":24,"column":8},"end":{"line":24,"column":18}},{"start":{"line":24,"column":18},"end":{"line":24,"column":39}}],"line":24},"4":{"loc":{"start":{"line":33,"column":4},"end":{"line":35,"column":null}},"type":"if","locations":[{"start":{"line":33,"column":4},"end":{"line":35,"column":null}},{"start":{},"end":{}}],"line":33}},"s":{"0":9,"1":9,"2":9,"3":60,"4":60,"5":60,"6":11,"7":11,"8":49,"9":49,"10":12,"11":37},"f":{"0":9,"1":60},"b":{"0":[9],"1":[9],"2":[11,49],"3":[60,50],"4":[12,37]},"meta":{"lastBranch":5,"lastFunction":2,"lastStatement":12,"seen":{"f:16:2:16:Infinity":0,"b:17:18:17:Infinity":0,"b:18:23:18:Infinity":1,"s:17:12:17:18":0,"s:18:12:18:23":1,"s:14:17:14:Infinity":2,"f:21:2:21:8":1,"s:22:16:22:Infinity":3,"s:23:18:23:Infinity":4,"b:24:4:31:Infinity:undefined:undefined:undefined:undefined":2,"s:24:4:31:Infinity":5,"b:24:8:24:18:24:18:24:39":3,"s:25:6:25:Infinity":6,"s:26:6:30:Infinity":7,"s:32:4:32:Infinity":8,"b:33:4:35:Infinity:undefined:undefined:undefined:undefined":4,"s:33:4:35:Infinity":9,"s:34:6:34:Infinity":10,"s:36:4:40:Infinity":11},"fnNames":{}}}
,"/home/mahesh-diwan/SPECTRE/Hackathons/OpenAI_Build_Week/accessibility-forge/src/lib/request-guard.ts": {"path":"/home/mahesh-diwan/SPECTRE/Hackathons/OpenAI_Build_Week/accessibility-forge/src/lib/request-guard.ts","statementMap":{"0":{"start":{"line":4,"column":23},"end":{"line":4,"column":null}},"1":{"start":{"line":5,"column":26},"end":{"line":5,"column":null}},"2":{"start":{"line":7,"column":16},"end":{"line":7,"column":null}},"3":{"start":{"line":10,"column":13},"end":{"line":10,"column":null}},"4":{"start":{"line":11,"column":15},"end":{"line":11,"column":null}},"5":{"start":{"line":12,"column":2},"end":{"line":17,"column":null}},"6":{"start":{"line":13,"column":4},"end":{"line":16,"column":null}},"7":{"start":{"line":19,"column":13},"end":{"line":19,"column":null}},"8":{"start":{"line":20,"column":2},"end":{"line":25,"column":null}},"9":{"start":{"line":21,"column":4},"end":{"line":24,"column":null}},"10":{"start":{"line":27,"column":2},"end":{"line":27,"column":null}},"11":{"start":{"line":31,"column":12},"end":{"line":31,"column":null}},"12":{"start":{"line":32,"column":2},"end":{"line":32,"column":null}},"13":{"start":{"line":32,"column":9},"end":{"line":32,"column":null}},"14":{"start":{"line":35,"column":2},"end":{"line":49,"column":null}},"15":{"start":{"line":36,"column":17},"end":{"line":36,"column":null}},"16":{"start":{"line":37,"column":4},"end":{"line":42,"column":null}},"17":{"start":{"line":38,"column":6},"end":{"line":41,"column":null}},"18":{"start":{"line":43,"column":4},"end":{"line":43,"column":null}},"19":{"start":{"line":45,"column":4},"end":{"line":48,"column":null}},"20":{"start":{"line":51,"column":2},"end":{"line":51,"column":null}}},"fnMap":{"0":{"name":"guard","decl":{"start":{"line":9,"column":16},"end":{"line":9,"column":22}},"loc":{"start":{"line":9,"column":61},"end":{"line":28,"column":null}},"line":9},"1":{"name":"guardAndParse","decl":{"start":{"line":30,"column":22},"end":{"line":30,"column":39}},"loc":{"start":{"line":30,"column":130},"end":{"line":52,"column":null}},"line":30}},"branchMap":{"0":{"loc":{"start":{"line":10,"column":13},"end":{"line":10,"column":null}},"type":"binary-expr","locations":[{"start":{"line":10,"column":13},"end":{"line":10,"column":74}},{"start":{"line":10,"column":74},"end":{"line":10,"column":null}}],"line":10},"1":{"loc":{"start":{"line":12,"column":2},"end":{"line":17,"column":null}},"type":"if","locations":[{"start":{"line":12,"column":2},"end":{"line":17,"column":null}},{"start":{},"end":{}}],"line":12},"2":{"loc":{"start":{"line":20,"column":2},"end":{"line":25,"column":null}},"type":"if","locations":[{"start":{"line":20,"column":2},"end":{"line":25,"column":null}},{"start":{},"end":{}}],"line":20},"3":{"loc":{"start":{"line":20,"column":6},"end":{"line":20,"column":50}},"type":"binary-expr","locations":[{"start":{"line":20,"column":6},"end":{"line":20,"column":12}},{"start":{"line":20,"column":12},"end":{"line":20,"column":50}}],"line":20},"4":{"loc":{"start":{"line":32,"column":2},"end":{"line":32,"column":null}},"type":"if","locations":[{"start":{"line":32,"column":2},"end":{"line":32,"column":null}},{"start":{},"end":{}}],"line":32},"5":{"loc":{"start":{"line":37,"column":4},"end":{"line":42,"column":null}},"type":"if","locations":[{"start":{"line":37,"column":4},"end":{"line":42,"column":null}},{"start":{},"end":{}}],"line":37}},"s":{"0":7,"1":7,"2":7,"3":54,"4":54,"5":54,"6":10,"7":44,"8":44,"9":1,"10":43,"11":22,"12":22,"13":0,"14":22,"15":22,"16":22,"17":0,"18":22,"19":2,"20":20},"f":{"0":54,"1":22},"b":{"0":[54,24],"1":[10,44],"2":[1,43],"3":[44,1],"4":[0,22],"5":[0,22]},"meta":{"lastBranch":6,"lastFunction":2,"lastStatement":21,"seen":{"s:4:23:4:Infinity":0,"s:5:26:5:Infinity":1,"s:7:16:7:Infinity":2,"f:9:16:9:22":0,"s:10:13:10:Infinity":3,"b:10:13:10:74:10:74:10:Infinity":0,"s:11:15:11:Infinity":4,"b:12:2:17:Infinity:undefined:undefined:undefined:undefined":1,"s:12:2:17:Infinity":5,"s:13:4:16:Infinity":6,"s:19:13:19:Infinity":7,"b:20:2:25:Infinity:undefined:undefined:undefined:undefined":2,"s:20:2:25:Infinity":8,"b:20:6:20:12:20:12:20:50":3,"s:21:4:24:Infinity":9,"s:27:2:27:Infinity":10,"f:30:22:30:39":1,"s:31:12:31:Infinity":11,"b:32:2:32:Infinity:undefined:undefined:undefined:undefined":4,"s:32:2:32:Infinity":12,"s:32:9:32:Infinity":13,"s:35:2:49:Infinity":14,"s:36:17:36:Infinity":15,"b:37:4:42:Infinity:undefined:undefined:undefined:undefined":5,"s:37:4:42:Infinity":16,"s:38:6:41:Infinity":17,"s:43:4:43:Infinity":18,"s:45:4:48:Infinity":19,"s:51:2:51:Infinity":20},"fnNames":{}}}
,"/home/mahesh-diwan/SPECTRE/Hackathons/OpenAI_Build_Week/accessibility-forge/src/lib/route-handler.ts": {"path":"/home/mahesh-diwan/SPECTRE/Hackathons/OpenAI_Build_Week/accessibility-forge/src/lib/route-handler.ts","statementMap":{"0":{"start":{"line":8,"column":2},"end":{"line":47,"column":null}},"1":{"start":{"line":9,"column":18},"end":{"line":9,"column":null}},"2":{"start":{"line":10,"column":18},"end":{"line":10,"column":null}},"3":{"start":{"line":11,"column":4},"end":{"line":46,"column":null}},"4":{"start":{"line":12,"column":18},"end":{"line":12,"column":null}},"5":{"start":{"line":13,"column":6},"end":{"line":13,"column":null}},"6":{"start":{"line":14,"column":6},"end":{"line":14,"column":null}},"7":{"start":{"line":16,"column":21},"end":{"line":24,"column":null}},"8":{"start":{"line":26,"column":6},"end":{"line":31,"column":null}},"9":{"start":{"line":27,"column":37},"end":{"line":27,"column":null}},"10":{"start":{"line":28,"column":8},"end":{"line":28,"column":null}},"11":{"start":{"line":32,"column":6},"end":{"line":35,"column":null}},"12":{"start":{"line":36,"column":6},"end":{"line":45,"column":null}}},"fnMap":{"0":{"name":"withErrorHandler","decl":{"start":{"line":7,"column":16},"end":{"line":7,"column":33}},"loc":{"start":{"line":7,"column":60},"end":{"line":48,"column":null}},"line":7},"1":{"name":"(anonymous_1)","decl":{"start":{"line":8,"column":9},"end":{"line":8,"column":16}},"loc":{"start":{"line":8,"column":37},"end":{"line":47,"column":null}},"line":8}},"branchMap":{"0":{"loc":{"start":{"line":16,"column":21},"end":{"line":24,"column":null}},"type":"cond-expr","locations":[{"start":{"line":17,"column":10},"end":{"line":17,"column":null}},{"start":{"line":18,"column":10},"end":{"line":24,"column":null}}],"line":16}},"s":{"0":10,"1":24,"2":24,"3":24,"4":24,"5":9,"6":9,"7":15,"8":15,"9":15,"10":15,"11":15,"12":15},"f":{"0":10,"1":24},"b":{"0":[14,1]},"meta":{"lastBranch":1,"lastFunction":2,"lastStatement":13,"seen":{"f:7:16:7:33":0,"s:8:2:47:Infinity":0,"f:8:9:8:16":1,"s:9:18:9:Infinity":1,"s:10:18:10:Infinity":2,"s:11:4:46:Infinity":3,"s:12:18:12:Infinity":4,"s:13:6:13:Infinity":5,"s:14:6:14:Infinity":6,"s:16:21:24:Infinity":7,"b:17:10:17:Infinity:18:10:24:Infinity":0,"s:26:6:31:Infinity":8,"s:27:37:27:Infinity":9,"s:28:8:28:Infinity":10,"s:32:6:35:Infinity":11,"s:36:6:45:Infinity":12},"fnNames":{}}}
,"/home/mahesh-diwan/SPECTRE/Hackathons/OpenAI_Build_Week/accessibility-forge/src/lib/scanner.ts": {"path":"/home/mahesh-diwan/SPECTRE/Hackathons/OpenAI_Build_Week/accessibility-forge/src/lib/scanner.ts","statementMap":{"0":{"start":{"line":13,"column":2},"end":{"line":13,"column":null}},"1":{"start":{"line":17,"column":2},"end":{"line":17,"column":null}},"2":{"start":{"line":23,"column":27},"end":{"line":23,"column":null}},"3":{"start":{"line":24,"column":13},"end":{"line":24,"column":null}},"4":{"start":{"line":26,"column":2},"end":{"line":35,"column":null}},"5":{"start":{"line":27,"column":4},"end":{"line":34,"column":null}},"6":{"start":{"line":28,"column":6},"end":{"line":33,"column":null}},"7":{"start":{"line":36,"column":2},"end":{"line":36,"column":null}},"8":{"start":{"line":40,"column":27},"end":{"line":40,"column":null}},"9":{"start":{"line":41,"column":13},"end":{"line":41,"column":null}},"10":{"start":{"line":43,"column":2},"end":{"line":54,"column":null}},"11":{"start":{"line":44,"column":16},"end":{"line":44,"column":null}},"12":{"start":{"line":45,"column":20},"end":{"line":45,"column":null}},"13":{"start":{"line":46,"column":4},"end":{"line":53,"column":null}},"14":{"start":{"line":47,"column":6},"end":{"line":52,"column":null}},"15":{"start":{"line":55,"column":2},"end":{"line":55,"column":null}},"16":{"start":{"line":59,"column":27},"end":{"line":59,"column":null}},"17":{"start":{"line":60,"column":13},"end":{"line":60,"column":null}},"18":{"start":{"line":62,"column":2},"end":{"line":74,"column":null}},"19":{"start":{"line":63,"column":16},"end":{"line":63,"column":null}},"20":{"start":{"line":64,"column":20},"end":{"line":64,"column":null}},"21":{"start":{"line":65,"column":15},"end":{"line":65,"column":null}},"22":{"start":{"line":66,"column":4},"end":{"line":73,"column":null}},"23":{"start":{"line":67,"column":6},"end":{"line":72,"column":null}},"24":{"start":{"line":75,"column":2},"end":{"line":75,"column":null}},"25":{"start":{"line":79,"column":2},"end":{"line":79,"column":null}},"26":{"start":{"line":79,"column":56},"end":{"line":79,"column":null}},"27":{"start":{"line":80,"column":2},"end":{"line":86,"column":null}},"28":{"start":{"line":81,"column":4},"end":{"line":85,"column":null}},"29":{"start":{"line":87,"column":2},"end":{"line":87,"column":null}},"30":{"start":{"line":97,"column":37},"end":{"line":108,"column":null}},"31":{"start":{"line":111,"column":2},"end":{"line":111,"column":null}},"32":{"start":{"line":111,"column":30},"end":{"line":111,"column":52}},"33":{"start":{"line":115,"column":15},"end":{"line":115,"column":null}},"34":{"start":{"line":116,"column":27},"end":{"line":116,"column":null}},"35":{"start":{"line":117,"column":2},"end":{"line":123,"column":null}},"36":{"start":{"line":118,"column":16},"end":{"line":118,"column":null}},"37":{"start":{"line":119,"column":4},"end":{"line":122,"column":null}},"38":{"start":{"line":120,"column":6},"end":{"line":120,"column":null}},"39":{"start":{"line":121,"column":6},"end":{"line":121,"column":null}},"40":{"start":{"line":124,"column":2},"end":{"line":124,"column":null}},"41":{"start":{"line":128,"column":2},"end":{"line":128,"column":null}},"42":{"start":{"line":131,"column":17},"end":{"line":131,"column":null}},"43":{"start":{"line":134,"column":2},"end":{"line":141,"column":null}},"44":{"start":{"line":135,"column":4},"end":{"line":140,"column":null}},"45":{"start":{"line":136,"column":23},"end":{"line":136,"column":null}},"46":{"start":{"line":137,"column":6},"end":{"line":137,"column":null}},"47":{"start":{"line":139,"column":6},"end":{"line":139,"column":null}},"48":{"start":{"line":142,"column":2},"end":{"line":142,"column":null}},"49":{"start":{"line":159,"column":2},"end":{"line":159,"column":null}},"50":{"start":{"line":159,"column":43},"end":{"line":159,"column":81}},"51":{"start":{"line":163,"column":19},"end":{"line":163,"column":null}},"52":{"start":{"line":164,"column":2},"end":{"line":164,"column":null}},"53":{"start":{"line":164,"column":17},"end":{"line":164,"column":null}},"54":{"start":{"line":165,"column":26},"end":{"line":165,"column":null}},"55":{"start":{"line":167,"column":37},"end":{"line":167,"column":null}},"56":{"start":{"line":169,"column":18},"end":{"line":169,"column":null}},"57":{"start":{"line":171,"column":29},"end":{"line":173,"column":null}},"58":{"start":{"line":175,"column":24},"end":{"line":177,"column":null}},"59":{"start":{"line":176,"column":22},"end":{"line":176,"column":77}},"60":{"start":{"line":179,"column":20},"end":{"line":179,"column":null}},"61":{"start":{"line":180,"column":2},"end":{"line":197,"column":null}},"62":{"start":{"line":180,"column":15},"end":{"line":180,"column":18}},"63":{"start":{"line":181,"column":18},"end":{"line":181,"column":null}},"64":{"start":{"line":182,"column":20},"end":{"line":193,"column":null}},"65":{"start":{"line":184,"column":8},"end":{"line":191,"column":null}},"66":{"start":{"line":185,"column":26},"end":{"line":185,"column":null}},"67":{"start":{"line":186,"column":23},"end":{"line":186,"column":null}},"68":{"start":{"line":187,"column":24},"end":{"line":187,"column":null}},"69":{"start":{"line":187,"column":62},"end":{"line":187,"column":88}},"70":{"start":{"line":188,"column":10},"end":{"line":188,"column":null}},"71":{"start":{"line":190,"column":10},"end":{"line":190,"column":null}},"72":{"start":{"line":194,"column":4},"end":{"line":196,"column":null}},"73":{"start":{"line":195,"column":6},"end":{"line":195,"column":null}},"74":{"start":{"line":195,"column":36},"end":{"line":195,"column":null}},"75":{"start":{"line":199,"column":2},"end":{"line":199,"column":null}}},"fnMap":{"0":{"name":"isJsxFile","decl":{"start":{"line":12,"column":9},"end":{"line":12,"column":19}},"loc":{"start":{"line":12,"column":42},"end":{"line":14,"column":null}},"line":12},"1":{"name":"kindOf","decl":{"start":{"line":16,"column":9},"end":{"line":16,"column":16}},"loc":{"start":{"line":16,"column":40},"end":{"line":18,"column":null}},"line":16},"2":{"name":"checkMissingAltText","decl":{"start":{"line":22,"column":9},"end":{"line":22,"column":29}},"loc":{"start":{"line":22,"column":73},"end":{"line":37,"column":null}},"line":22},"3":{"name":"checkMissingAriaLabel","decl":{"start":{"line":39,"column":9},"end":{"line":39,"column":31}},"loc":{"start":{"line":39,"column":75},"end":{"line":56,"column":null}},"line":39},"4":{"name":"checkMissingFormLabel","decl":{"start":{"line":58,"column":9},"end":{"line":58,"column":31}},"loc":{"start":{"line":58,"column":75},"end":{"line":76,"column":null}},"line":58},"5":{"name":"checkMissingHtmlLang","decl":{"start":{"line":78,"column":9},"end":{"line":78,"column":30}},"loc":{"start":{"line":78,"column":74},"end":{"line":88,"column":null}},"line":78},"6":{"name":"applicableChecks","decl":{"start":{"line":110,"column":9},"end":{"line":110,"column":26}},"loc":{"start":{"line":110,"column":57},"end":{"line":112,"column":null}},"line":110},"7":{"name":"(anonymous_7)","decl":{"start":{"line":111,"column":16},"end":{"line":111,"column":24}},"loc":{"start":{"line":111,"column":30},"end":{"line":111,"column":52}},"line":111},"8":{"name":"dedupe","decl":{"start":{"line":114,"column":9},"end":{"line":114,"column":16}},"loc":{"start":{"line":114,"column":54},"end":{"line":125,"column":null}},"line":114},"9":{"name":"isRelevantFile","decl":{"start":{"line":127,"column":9},"end":{"line":127,"column":24}},"loc":{"start":{"line":127,"column":47},"end":{"line":129,"column":null}},"line":127},"10":{"name":"getDefaultBranchRef","decl":{"start":{"line":133,"column":15},"end":{"line":133,"column":35}},"loc":{"start":{"line":133,"column":104},"end":{"line":143,"column":null}},"line":133},"11":{"name":"scanRepo","decl":{"start":{"line":158,"column":22},"end":{"line":158,"column":31}},"loc":{"start":{"line":158,"column":115},"end":{"line":160,"column":null}},"line":158},"12":{"name":"(anonymous_12)","decl":{"start":{"line":159,"column":26},"end":{"line":159,"column":43}},"loc":{"start":{"line":159,"column":43},"end":{"line":159,"column":81}},"line":159},"13":{"name":"scanRepoInner","decl":{"start":{"line":162,"column":15},"end":{"line":162,"column":29}},"loc":{"start":{"line":162,"column":113},"end":{"line":200,"column":null}},"line":162},"14":{"name":"(anonymous_14)","decl":{"start":{"line":176,"column":5},"end":{"line":176,"column":13}},"loc":{"start":{"line":176,"column":22},"end":{"line":176,"column":77}},"line":176},"15":{"name":"(anonymous_15)","decl":{"start":{"line":183,"column":16},"end":{"line":183,"column":23}},"loc":{"start":{"line":183,"column":32},"end":{"line":192,"column":7}},"line":183},"16":{"name":"(anonymous_16)","decl":{"start":{"line":187,"column":47},"end":{"line":187,"column":56}},"loc":{"start":{"line":187,"column":62},"end":{"line":187,"column":88}},"line":187}},"branchMap":{"0":{"loc":{"start":{"line":17,"column":9},"end":{"line":17,"column":null}},"type":"cond-expr","locations":[{"start":{"line":17,"column":27},"end":{"line":17,"column":35}},{"start":{"line":17,"column":35},"end":{"line":17,"column":null}}],"line":17},"1":{"loc":{"start":{"line":27,"column":4},"end":{"line":34,"column":null}},"type":"if","locations":[{"start":{"line":27,"column":4},"end":{"line":34,"column":null}},{"start":{},"end":{}}],"line":27},"2":{"loc":{"start":{"line":46,"column":4},"end":{"line":53,"column":null}},"type":"if","locations":[{"start":{"line":46,"column":4},"end":{"line":53,"column":null}},{"start":{},"end":{}}],"line":46},"3":{"loc":{"start":{"line":46,"column":8},"end":{"line":46,"column":87}},"type":"binary-expr","locations":[{"start":{"line":46,"column":8},"end":{"line":46,"column":20}},{"start":{"line":46,"column":20},"end":{"line":46,"column":52}},{"start":{"line":46,"column":52},"end":{"line":46,"column":87}}],"line":46},"4":{"loc":{"start":{"line":64,"column":20},"end":{"line":64,"column":null}},"type":"binary-expr","locations":[{"start":{"line":64,"column":20},"end":{"line":64,"column":51}},{"start":{"line":64,"column":51},"end":{"line":64,"column":null}}],"line":64},"5":{"loc":{"start":{"line":66,"column":4},"end":{"line":73,"column":null}},"type":"if","locations":[{"start":{"line":66,"column":4},"end":{"line":73,"column":null}},{"start":{},"end":{}}],"line":66},"6":{"loc":{"start":{"line":66,"column":8},"end":{"line":66,"column":25}},"type":"binary-expr","locations":[{"start":{"line":66,"column":8},"end":{"line":66,"column":20}},{"start":{"line":66,"column":20},"end":{"line":66,"column":25}}],"line":66},"7":{"loc":{"start":{"line":79,"column":2},"end":{"line":79,"column":null}},"type":"if","locations":[{"start":{"line":79,"column":2},"end":{"line":79,"column":null}},{"start":{},"end":{}}],"line":79},"8":{"loc":{"start":{"line":79,"column":6},"end":{"line":79,"column":56}},"type":"binary-expr","locations":[{"start":{"line":79,"column":6},"end":{"line":79,"column":33}},{"start":{"line":79,"column":33},"end":{"line":79,"column":56}}],"line":79},"9":{"loc":{"start":{"line":80,"column":2},"end":{"line":86,"column":null}},"type":"if","locations":[{"start":{"line":80,"column":2},"end":{"line":86,"column":null}},{"start":{},"end":{}}],"line":80},"10":{"loc":{"start":{"line":80,"column":6},"end":{"line":80,"column":78}},"type":"binary-expr","locations":[{"start":{"line":80,"column":6},"end":{"line":80,"column":38}},{"start":{"line":80,"column":38},"end":{"line":80,"column":78}}],"line":80},"11":{"loc":{"start":{"line":119,"column":4},"end":{"line":122,"column":null}},"type":"if","locations":[{"start":{"line":119,"column":4},"end":{"line":122,"column":null}},{"start":{},"end":{}}],"line":119},"12":{"loc":{"start":{"line":158,"column":64},"end":{"line":158,"column":115}},"type":"default-arg","locations":[{"start":{"line":158,"column":74},"end":{"line":158,"column":115}}],"line":158},"13":{"loc":{"start":{"line":162,"column":62},"end":{"line":162,"column":113}},"type":"default-arg","locations":[{"start":{"line":162,"column":72},"end":{"line":162,"column":113}}],"line":162},"14":{"loc":{"start":{"line":164,"column":2},"end":{"line":164,"column":null}},"type":"if","locations":[{"start":{"line":164,"column":2},"end":{"line":164,"column":null}},{"start":{},"end":{}}],"line":164},"15":{"loc":{"start":{"line":176,"column":22},"end":{"line":176,"column":77}},"type":"binary-expr","locations":[{"start":{"line":176,"column":22},"end":{"line":176,"column":46}},{"start":{"line":176,"column":46},"end":{"line":176,"column":77}}],"line":176},"16":{"loc":{"start":{"line":176,"column":61},"end":{"line":176,"column":76}},"type":"binary-expr","locations":[{"start":{"line":176,"column":61},"end":{"line":176,"column":74}},{"start":{"line":176,"column":74},"end":{"line":176,"column":76}}],"line":176},"17":{"loc":{"start":{"line":195,"column":6},"end":{"line":195,"column":null}},"type":"if","locations":[{"start":{"line":195,"column":6},"end":{"line":195,"column":null}},{"start":{},"end":{}}],"line":195}},"s":{"0":153,"1":153,"2":154,"3":154,"4":154,"5":154,"6":153,"7":154,"8":153,"9":153,"10":153,"11":1,"12":1,"13":1,"14":1,"15":153,"16":153,"17":153,"18":153,"19":1,"20":1,"21":1,"22":1,"23":1,"24":153,"25":153,"26":0,"27":153,"28":1,"29":152,"30":1,"31":153,"32":1530,"33":153,"34":153,"35":153,"36":152,"37":152,"38":152,"39":152,"40":153,"41":204,"42":1,"43":4,"44":4,"45":4,"46":4,"47":0,"48":0,"49":5,"50":4,"51":4,"52":4,"53":0,"54":4,"55":4,"56":4,"57":4,"58":4,"59":204,"60":4,"61":4,"62":4,"63":21,"64":21,"65":153,"66":153,"67":153,"68":153,"69":1374,"70":153,"71":0,"72":21,"73":153,"74":153,"75":21},"f":{"0":153,"1":153,"2":154,"3":153,"4":153,"5":153,"6":153,"7":1530,"8":153,"9":204,"10":4,"11":5,"12":4,"13":4,"14":204,"15":153,"16":1374},"b":{"0":[1,152],"1":[153,1],"2":[1,0],"3":[1,1,1],"4":[1,1],"5":[1,0],"6":[1,1],"7":[0,153],"8":[153,0],"9":[1,152],"10":[153,1],"11":[152,0],"12":[5],"13":[4],"14":[0,4],"15":[204,204],"16":[204,0],"17":[153,0]},"meta":{"lastBranch":18,"lastFunction":17,"lastStatement":76,"seen":{"f:12:9:12:19":0,"s:13:2:13:Infinity":0,"f:16:9:16:16":1,"s:17:2:17:Infinity":1,"b:17:27:17:35:17:35:17:Infinity":0,"f:22:9:22:29":2,"s:23:27:23:Infinity":2,"s:24:13:24:Infinity":3,"s:26:2:35:Infinity":4,"b:27:4:34:Infinity:undefined:undefined:undefined:undefined":1,"s:27:4:34:Infinity":5,"s:28:6:33:Infinity":6,"s:36:2:36:Infinity":7,"f:39:9:39:31":3,"s:40:27:40:Infinity":8,"s:41:13:41:Infinity":9,"s:43:2:54:Infinity":10,"s:44:16:44:Infinity":11,"s:45:20:45:Infinity":12,"b:46:4:53:Infinity:undefined:undefined:undefined:undefined":2,"s:46:4:53:Infinity":13,"b:46:8:46:20:46:20:46:52:46:52:46:87":3,"s:47:6:52:Infinity":14,"s:55:2:55:Infinity":15,"f:58:9:58:31":4,"s:59:27:59:Infinity":16,"s:60:13:60:Infinity":17,"s:62:2:74:Infinity":18,"s:63:16:63:Infinity":19,"s:64:20:64:Infinity":20,"b:64:20:64:51:64:51:64:Infinity":4,"s:65:15:65:Infinity":21,"b:66:4:73:Infinity:undefined:undefined:undefined:undefined":5,"s:66:4:73:Infinity":22,"b:66:8:66:20:66:20:66:25":6,"s:67:6:72:Infinity":23,"s:75:2:75:Infinity":24,"f:78:9:78:30":5,"b:79:2:79:Infinity:undefined:undefined:undefined:undefined":7,"s:79:2:79:Infinity":25,"b:79:6:79:33:79:33:79:56":8,"s:79:56:79:Infinity":26,"b:80:2:86:Infinity:undefined:undefined:undefined:undefined":9,"s:80:2:86:Infinity":27,"b:80:6:80:38:80:38:80:78":10,"s:81:4:85:Infinity":28,"s:87:2:87:Infinity":29,"s:97:37:108:Infinity":30,"f:110:9:110:26":6,"s:111:2:111:Infinity":31,"f:111:16:111:24":7,"s:111:30:111:52":32,"f:114:9:114:16":8,"s:115:15:115:Infinity":33,"s:116:27:116:Infinity":34,"s:117:2:123:Infinity":35,"s:118:16:118:Infinity":36,"b:119:4:122:Infinity:undefined:undefined:undefined:undefined":11,"s:119:4:122:Infinity":37,"s:120:6:120:Infinity":38,"s:121:6:121:Infinity":39,"s:124:2:124:Infinity":40,"f:127:9:127:24":9,"s:128:2:128:Infinity":41,"s:131:17:131:Infinity":42,"f:133:15:133:35":10,"s:134:2:141:Infinity":43,"s:135:4:140:Infinity":44,"s:136:23:136:Infinity":45,"s:137:6:137:Infinity":46,"s:139:6:139:Infinity":47,"s:142:2:142:Infinity":48,"f:158:22:158:31":11,"b:158:74:158:115":12,"s:159:2:159:Infinity":49,"f:159:26:159:43":12,"s:159:43:159:81":50,"f:162:15:162:29":13,"b:162:72:162:113":13,"s:163:19:163:Infinity":51,"b:164:2:164:Infinity:undefined:undefined:undefined:undefined":14,"s:164:2:164:Infinity":52,"s:164:17:164:Infinity":53,"s:165:26:165:Infinity":54,"s:167:37:167:Infinity":55,"s:169:18:169:Infinity":56,"s:171:29:173:Infinity":57,"s:175:24:177:Infinity":58,"f:176:5:176:13":14,"s:176:22:176:77":59,"b:176:22:176:46:176:46:176:77":15,"b:176:61:176:74:176:74:176:76":16,"s:179:20:179:Infinity":60,"s:180:2:197:Infinity":61,"s:180:15:180:18":62,"s:181:18:181:Infinity":63,"s:182:20:193:Infinity":64,"f:183:16:183:23":15,"s:184:8:191:Infinity":65,"s:185:26:185:Infinity":66,"s:186:23:186:Infinity":67,"s:187:24:187:Infinity":68,"f:187:47:187:56":16,"s:187:62:187:88":69,"s:188:10:188:Infinity":70,"s:190:10:190:Infinity":71,"s:194:4:196:Infinity":72,"b:195:6:195:Infinity:undefined:undefined:undefined:undefined":17,"s:195:6:195:Infinity":73,"s:195:36:195:Infinity":74,"s:199:2:199:Infinity":75},"fnNames":{}}}
,"/home/mahesh-diwan/SPECTRE/Hackathons/OpenAI_Build_Week/accessibility-forge/src/lib/security-headers.ts": {"path":"/home/mahesh-diwan/SPECTRE/Hackathons/OpenAI_Build_Week/accessibility-forge/src/lib/security-headers.ts","statementMap":{"0":{"start":{"line":2,"column":12},"end":{"line":2,"column":null}},"1":{"start":{"line":3,"column":14},"end":{"line":10,"column":null}},"2":{"start":{"line":11,"column":2},"end":{"line":11,"column":null}},"3":{"start":{"line":12,"column":2},"end":{"line":12,"column":null}},"4":{"start":{"line":13,"column":2},"end":{"line":13,"column":null}},"5":{"start":{"line":14,"column":2},"end":{"line":14,"column":null}},"6":{"start":{"line":15,"column":2},"end":{"line":15,"column":null}},"7":{"start":{"line":16,"column":2},"end":{"line":21,"column":null}},"8":{"start":{"line":17,"column":4},"end":{"line":20,"column":null}},"9":{"start":{"line":22,"column":2},"end":{"line":22,"column":null}}},"fnMap":{"0":{"name":"buildSecurityHeaders","decl":{"start":{"line":1,"column":16},"end":{"line":1,"column":37}},"loc":{"start":{"line":1,"column":59},"end":{"line":23,"column":null}},"line":1}},"branchMap":{"0":{"loc":{"start":{"line":16,"column":2},"end":{"line":21,"column":null}},"type":"if","locations":[{"start":{"line":16,"column":2},"end":{"line":21,"column":null}},{"start":{},"end":{}}],"line":16}},"s":{"0":2,"1":2,"2":2,"3":2,"4":2,"5":2,"6":2,"7":2,"8":1,"9":2},"f":{"0":2},"b":{"0":[1,1]},"meta":{"lastBranch":1,"lastFunction":1,"lastStatement":10,"seen":{"f:1:16:1:37":0,"s:2:12:2:Infinity":0,"s:3:14:10:Infinity":1,"s:11:2:11:Infinity":2,"s:12:2:12:Infinity":3,"s:13:2:13:Infinity":4,"s:14:2:14:Infinity":5,"s:15:2:15:Infinity":6,"b:16:2:21:Infinity:undefined:undefined:undefined:undefined":0,"s:16:2:21:Infinity":7,"s:17:4:20:Infinity":8,"s:22:2:22:Infinity":9},"fnNames":{}}}
,"/home/mahesh-diwan/SPECTRE/Hackathons/OpenAI_Build_Week/accessibility-forge/src/lib/sentry.ts": {"path":"/home/mahesh-diwan/SPECTRE/Hackathons/OpenAI_Build_Week/accessibility-forge/src/lib/sentry.ts","statementMap":{"0":{"start":{"line":3,"column":12},"end":{"line":3,"column":null}},"1":{"start":{"line":4,"column":0},"end":{"line":10,"column":null}},"2":{"start":{"line":5,"column":2},"end":{"line":9,"column":null}},"3":{"start":{"line":16,"column":2},"end":{"line":16,"column":null}},"4":{"start":{"line":16,"column":12},"end":{"line":16,"column":null}},"5":{"start":{"line":17,"column":2},"end":{"line":17,"column":null}}},"fnMap":{"0":{"name":"captureException","decl":{"start":{"line":12,"column":16},"end":{"line":12,"column":null}},"loc":{"start":{"line":15,"column":8},"end":{"line":18,"column":null}},"line":15}},"branchMap":{"0":{"loc":{"start":{"line":4,"column":0},"end":{"line":10,"column":null}},"type":"if","locations":[{"start":{"line":4,"column":0},"end":{"line":10,"column":null}},{"start":{},"end":{}}],"line":4},"1":{"loc":{"start":{"line":4,"column":4},"end":{"line":4,"column":42}},"type":"binary-expr","locations":[{"start":{"line":4,"column":4},"end":{"line":4,"column":11}},{"start":{"line":4,"column":11},"end":{"line":4,"column":42}}],"line":4},"2":{"loc":{"start":{"line":8,"column":4},"end":{"line":8,"column":null}},"type":"binary-expr","locations":[{"start":{"line":8,"column":4},"end":{"line":8,"column":41}},{"start":{"line":8,"column":41},"end":{"line":8,"column":null}}],"line":8},"3":{"loc":{"start":{"line":16,"column":2},"end":{"line":16,"column":null}},"type":"if","locations":[{"start":{"line":16,"column":2},"end":{"line":16,"column":null}},{"start":{},"end":{}}],"line":16}},"s":{"0":8,"1":8,"2":0,"3":16,"4":16,"5":0},"f":{"0":16},"b":{"0":[0,8],"1":[8,0],"2":[0,0],"3":[16,0]},"meta":{"lastBranch":4,"lastFunction":1,"lastStatement":6,"seen":{"s:3:12:3:Infinity":0,"b:4:0:10:Infinity:undefined:undefined:undefined:undefined":0,"s:4:0:10:Infinity":1,"b:4:4:4:11:4:11:4:42":1,"s:5:2:9:Infinity":2,"b:8:4:8:41:8:41:8:Infinity":2,"f:12:16:12:Infinity":0,"b:16:2:16:Infinity:undefined:undefined:undefined:undefined":3,"s:16:2:16:Infinity":3,"s:16:12:16:Infinity":4,"s:17:2:17:Infinity":5},"fnNames":{}}}
,"/home/mahesh-diwan/SPECTRE/Hackathons/OpenAI_Build_Week/accessibility-forge/src/lib/validation.ts": {"path":"/home/mahesh-diwan/SPECTRE/Hackathons/OpenAI_Build_Week/accessibility-forge/src/lib/validation.ts","statementMap":{"0":{"start":{"line":3,"column":26},"end":{"line":8,"column":null}},"1":{"start":{"line":10,"column":32},"end":{"line":20,"column":null}},"2":{"start":{"line":22,"column":24},"end":{"line":35,"column":null}}},"fnMap":{},"branchMap":{},"s":{"0":4,"1":4,"2":4},"f":{},"b":{},"meta":{"lastBranch":0,"lastFunction":0,"lastStatement":3,"seen":{"s:3:26:8:Infinity":0,"s:10:32:20:Infinity":1,"s:22:24:35:Infinity":2},"fnNames":{}}}
}
